<?xml version="1.0" encoding="UTF-8"?>
<testng-results ignored="0" total="1" passed="1" failed="0" skipped="0">
  <reporter-output>
  </reporter-output>
  <suite started-at="2021-06-13T13:05:46 IST" name="Suite" finished-at="2021-06-13T13:06:42 IST" duration-ms="56924">
    <groups>
    </groups>
    <test started-at="2021-06-13T13:05:46 IST" name="Test" finished-at="2021-06-13T13:06:42 IST" duration-ms="56924">
      <class name="pnc.ProjectSat.InfyTest">
        <test-method is-config="true" signature="beforeTest()[pri:0, instance:pnc.ProjectSat.InfyTest@6a28ffa4]" started-at="2021-06-13T13:05:46 IST" name="beforeTest" finished-at="2021-06-13T13:05:53 IST" duration-ms="7562" status="PASS">
          <reporter-output>
          </reporter-output>
        </test-method> <!-- beforeTest -->
        <test-method signature="f()[pri:0, instance:pnc.ProjectSat.InfyTest@6a28ffa4]" started-at="2021-06-13T13:05:53 IST" name="f" finished-at="2021-06-13T13:06:42 IST" duration-ms="49158" status="PASS">
          <reporter-output>
          </reporter-output>
        </test-method> <!-- f -->
        <test-method is-config="true" signature="afterTest()[pri:0, instance:pnc.ProjectSat.InfyTest@6a28ffa4]" started-at="2021-06-13T13:06:42 IST" name="afterTest" finished-at="2021-06-13T13:06:42 IST" duration-ms="150" status="PASS">
          <reporter-output>
          </reporter-output>
        </test-method> <!-- afterTest -->
      </class> <!-- pnc.ProjectSat.InfyTest -->
    </test> <!-- Test -->
  </suite> <!-- Suite -->
</testng-results>
